{
  "RSpec": {
    "coverage": {
      "/Users/nicholastassinari/turing_work/3mod/projects/lunch-and-learn/app/facades/recipes_facade.rb": {
        "lines": [
          1,
          1,
          4,
          40,
          null,
          null,
          null,
          1,
          6,
          null,
          null
        ]
      },
      "/Users/nicholastassinari/turing_work/3mod/projects/lunch-and-learn/app/services/edamam_recipe_service.rb": {
        "lines": [
          1,
          null,
          1,
          7,
          null,
          null,
          1,
          8,
          null,
          null,
          1,
          9,
          9,
          9,
          null,
          null,
          null
        ]
      },
      "/Users/nicholastassinari/turing_work/3mod/projects/lunch-and-learn/app/poros/recipe.rb": {
        "lines": [
          1,
          1,
          1,
          40,
          40,
          40,
          40,
          null,
          null
        ]
      },
      "/Users/nicholastassinari/turing_work/3mod/projects/lunch-and-learn/app/channels/application_cable/channel.rb": {
        "lines": [
          0,
          0,
          0,
          0
        ],
        "branches": {
        }
      },
      "/Users/nicholastassinari/turing_work/3mod/projects/lunch-and-learn/app/channels/application_cable/connection.rb": {
        "lines": [
          0,
          0,
          0,
          0
        ],
        "branches": {
        }
      },
      "/Users/nicholastassinari/turing_work/3mod/projects/lunch-and-learn/app/controllers/application_controller.rb": {
        "lines": [
          0,
          0
        ],
        "branches": {
        }
      },
      "/Users/nicholastassinari/turing_work/3mod/projects/lunch-and-learn/app/jobs/application_job.rb": {
        "lines": [
          0,
          null,
          null,
          null,
          null,
          null,
          0
        ],
        "branches": {
        }
      },
      "/Users/nicholastassinari/turing_work/3mod/projects/lunch-and-learn/app/mailers/application_mailer.rb": {
        "lines": [
          0,
          0,
          0,
          0
        ],
        "branches": {
        }
      },
      "/Users/nicholastassinari/turing_work/3mod/projects/lunch-and-learn/app/models/application_record.rb": {
        "lines": [
          0,
          0,
          0
        ],
        "branches": {
        }
      }
    },
    "timestamp": 1691256822
  }
}
